<?xml version="1.0" encoding="UTF-8"?>
<!-- Generated by org.testng.reporters.JUnitXMLReporter -->
<testsuite ignored="0" hostname="DESKTOP-GV6VD91" failures="0" tests="3" name="Surefire test" time="0.195" errors="0" timestamp="2024-04-02T15:50:24 IST">
  <testcase classname="assesment02.assesment02.CalculatorTest" name="testAdd" time="0.027"/>
  <testcase classname="assesment02.assesment02.CalculatorTest" name="testMultiply" time="0.001"/>
  <testcase classname="assesment02.assesment02.CalculatorTest" name="testSubtract" time="0.002"/>
</testsuite> <!-- Surefire test -->
