<?xml version="1.0" encoding="UTF-8"?>
<!-- Generated by org.testng.reporters.JUnitXMLReporter -->
<testsuite ignored="0" hostname="DESKTOP-GV6VD91" failures="0" tests="3" name="Default test" time="0.176" errors="0" timestamp="2024-04-02T15:49:16 IST">
  <testcase classname="assesment02.assesment02.CalculatorTest" name="testAdd" time="0.041"/>
  <testcase classname="assesment02.assesment02.CalculatorTest" name="testMultiply" time="0.004"/>
  <testcase classname="assesment02.assesment02.CalculatorTest" name="testSubtract" time="0.011"/>
</testsuite> <!-- Default test -->
