<?xml version="1.0" encoding="UTF-8"?>
<testng-results ignored="0" total="3" passed="3" failed="0" skipped="0">
  <reporter-output>
  </reporter-output>
  <suite started-at="2024-04-02T15:50:24 IST" name="Surefire suite" finished-at="2024-04-02T15:50:24 IST" duration-ms="195">
    <groups>
    </groups>
    <test started-at="2024-04-02T15:50:24 IST" name="Surefire test" finished-at="2024-04-02T15:50:24 IST" duration-ms="195">
      <class name="assesment02.assesment02.CalculatorTest">
        <test-method signature="testAdd()[pri:0, instance:assesment02.assesment02.CalculatorTest@1a0dcaa]" started-at="2024-04-02T15:50:24 IST" name="testAdd" finished-at="2024-04-02T15:50:24 IST" duration-ms="27" status="PASS">
          <reporter-output>
          </reporter-output>
        </test-method> <!-- testAdd -->
        <test-method signature="testMultiply()[pri:0, instance:assesment02.assesment02.CalculatorTest@1a0dcaa]" started-at="2024-04-02T15:50:24 IST" name="testMultiply" finished-at="2024-04-02T15:50:24 IST" duration-ms="1" status="PASS">
          <reporter-output>
          </reporter-output>
        </test-method> <!-- testMultiply -->
        <test-method signature="testSubtract()[pri:0, instance:assesment02.assesment02.CalculatorTest@1a0dcaa]" started-at="2024-04-02T15:50:24 IST" name="testSubtract" finished-at="2024-04-02T15:50:24 IST" duration-ms="2" status="PASS">
          <reporter-output>
          </reporter-output>
        </test-method> <!-- testSubtract -->
      </class> <!-- assesment02.assesment02.CalculatorTest -->
    </test> <!-- Surefire test -->
  </suite> <!-- Surefire suite -->
</testng-results>
