<?xml version="1.0" encoding="UTF-8"?>
<testng-results ignored="0" total="3" passed="3" failed="0" skipped="0">
  <reporter-output>
  </reporter-output>
  <suite started-at="2024-04-02T15:49:15 IST" name="Default suite" finished-at="2024-04-02T15:49:16 IST" duration-ms="176">
    <groups>
    </groups>
    <test started-at="2024-04-02T15:49:15 IST" name="Default test" finished-at="2024-04-02T15:49:16 IST" duration-ms="176">
      <class name="assesment02.assesment02.CalculatorTest">
        <test-method signature="testAdd()[pri:0, instance:assesment02.assesment02.CalculatorTest@5fbdfdcf]" started-at="2024-04-02T15:49:15 IST" name="testAdd" finished-at="2024-04-02T15:49:15 IST" duration-ms="41" status="PASS">
          <reporter-output>
          </reporter-output>
        </test-method> <!-- testAdd -->
        <test-method signature="testMultiply()[pri:0, instance:assesment02.assesment02.CalculatorTest@5fbdfdcf]" started-at="2024-04-02T15:49:15 IST" name="testMultiply" finished-at="2024-04-02T15:49:15 IST" duration-ms="4" status="PASS">
          <reporter-output>
          </reporter-output>
        </test-method> <!-- testMultiply -->
        <test-method signature="testSubtract()[pri:0, instance:assesment02.assesment02.CalculatorTest@5fbdfdcf]" started-at="2024-04-02T15:49:16 IST" name="testSubtract" finished-at="2024-04-02T15:49:16 IST" duration-ms="11" status="PASS">
          <reporter-output>
          </reporter-output>
        </test-method> <!-- testSubtract -->
      </class> <!-- assesment02.assesment02.CalculatorTest -->
    </test> <!-- Default test -->
  </suite> <!-- Default suite -->
</testng-results>
